2023-03-15 07:21:19.699229: I tensorflow/core/platform/cpu_feature_guard.cc:193] This TensorFlow binary is optimized with oneAPI Deep Neural Network Library (oneDNN) to use the following CPU instructions in performance-critical operations:  AVX2 AVX512F AVX512_VNNI FMA
To enable them in other operations, rebuild TensorFlow with the appropriate compiler flags.
2023-03-15 07:21:19.972925: I tensorflow/core/util/port.cc:104] oneDNN custom operations are on. You may see slightly different numerical results due to floating-point round-off errors from different computation orders. To turn them off, set the environment variable `TF_ENABLE_ONEDNN_OPTS=0`.
2023-03-15 07:21:21.256439: W tensorflow/compiler/xla/stream_executor/platform/default/dso_loader.cc:64] Could not load dynamic library 'libnvinfer.so.7'; dlerror: libnvinfer.so.7: cannot open shared object file: No such file or directory; LD_LIBRARY_PATH: :/home/leonkl/anaconda3/envs/XP/lib/:/home/leonkl/anaconda3/envs/XPLORE/lib/
2023-03-15 07:21:21.256988: W tensorflow/compiler/xla/stream_executor/platform/default/dso_loader.cc:64] Could not load dynamic library 'libnvinfer_plugin.so.7'; dlerror: libnvinfer_plugin.so.7: cannot open shared object file: No such file or directory; LD_LIBRARY_PATH: :/home/leonkl/anaconda3/envs/XP/lib/:/home/leonkl/anaconda3/envs/XPLORE/lib/
2023-03-15 07:21:21.257131: W tensorflow/compiler/tf2tensorrt/utils/py_utils.cc:38] TF-TRT Warning: Cannot dlopen some TensorRT libraries. If you would like to use Nvidia GPU with TensorRT, please make sure the missing libraries mentioned above are installed properly.
2023-03-15 07:21:22.558963: W tensorflow/compiler/xla/stream_executor/platform/default/dso_loader.cc:64] Could not load dynamic library 'libcuda.so.1'; dlerror: libcuda.so.1: cannot open shared object file: No such file or directory; LD_LIBRARY_PATH: :/home/leonkl/anaconda3/envs/XP/lib/:/home/leonkl/anaconda3/envs/XPLORE/lib/
2023-03-15 07:21:22.559337: W tensorflow/compiler/xla/stream_executor/cuda/cuda_driver.cc:265] failed call to cuInit: UNKNOWN ERROR (303)
2023-03-15 07:21:22.559581: I tensorflow/compiler/xla/stream_executor/cuda/cuda_diagnostics.cc:156] kernel driver does not appear to be running on this host (icme-gpu1): /proc/driver/nvidia/version does not exist
2023-03-15 07:22:30.894947: I tensorflow/core/platform/cpu_feature_guard.cc:193] This TensorFlow binary is optimized with oneAPI Deep Neural Network Library (oneDNN) to use the following CPU instructions in performance-critical operations:  AVX2 AVX512F AVX512_VNNI FMA
To enable them in other operations, rebuild TensorFlow with the appropriate compiler flags.
/home/leonkl/anaconda3/envs/XP/lib/python3.9/site-packages/keras/initializers/initializers_v2.py:120: UserWarning: The initializer GlorotUniform is unseeded and being called multiple times, which will return identical values  each time (even if the initializer is unseeded). Please update your code to provide a seed to the initializer, or avoid using the same initalizer instance more than once.
  warnings.warn(
GPUs:  0
Epoch 1/10
11620/11620 - 3486s - loss: 0.4083 - mean_squared_error: 0.0179 - mean_absolute_error: 0.0831 - val_loss: 0.4048 - val_mean_squared_error: 0.0164 - val_mean_absolute_error: 0.0720 - 3486s/epoch - 300ms/step
Epoch 2/10
11620/11620 - 3425s - loss: 0.3989 - mean_squared_error: 0.0154 - mean_absolute_error: 0.0737 - val_loss: 0.4029 - val_mean_squared_error: 0.0162 - val_mean_absolute_error: 0.0728 - 3425s/epoch - 295ms/step
Epoch 3/10
11620/11620 - 3219s - loss: 0.3967 - mean_squared_error: 0.0149 - mean_absolute_error: 0.0709 - val_loss: 0.3994 - val_mean_squared_error: 0.0151 - val_mean_absolute_error: 0.0703 - 3219s/epoch - 277ms/step
Epoch 4/10
11620/11620 - 2692s - loss: 0.3950 - mean_squared_error: 0.0145 - mean_absolute_error: 0.0692 - val_loss: 0.3982 - val_mean_squared_error: 0.0148 - val_mean_absolute_error: 0.0694 - 2692s/epoch - 232ms/step
Epoch 5/10
11620/11620 - 2690s - loss: 0.3945 - mean_squared_error: 0.0143 - mean_absolute_error: 0.0685 - val_loss: 0.3978 - val_mean_squared_error: 0.0146 - val_mean_absolute_error: 0.0686 - 2690s/epoch - 232ms/step
Epoch 6/10
11620/11620 - 2577s - loss: 0.3936 - mean_squared_error: 0.0141 - mean_absolute_error: 0.0675 - val_loss: 0.3966 - val_mean_squared_error: 0.0143 - val_mean_absolute_error: 0.0680 - 2577s/epoch - 222ms/step
Epoch 7/10
11620/11620 - 2367s - loss: 0.3933 - mean_squared_error: 0.0140 - mean_absolute_error: 0.0672 - val_loss: 0.3974 - val_mean_squared_error: 0.0145 - val_mean_absolute_error: 0.0681 - 2367s/epoch - 204ms/step
Epoch 8/10
11620/11620 - 2304s - loss: 0.3925 - mean_squared_error: 0.0138 - mean_absolute_error: 0.0664 - val_loss: 0.3952 - val_mean_squared_error: 0.0138 - val_mean_absolute_error: 0.0663 - 2304s/epoch - 198ms/step
Epoch 9/10
11620/11620 - 2335s - loss: 0.3923 - mean_squared_error: 0.0137 - mean_absolute_error: 0.0658 - val_loss: 0.3950 - val_mean_squared_error: 0.0138 - val_mean_absolute_error: 0.0651 - 2335s/epoch - 201ms/step
Epoch 10/10
11620/11620 - 2300s - loss: 0.3917 - mean_squared_error: 0.0136 - mean_absolute_error: 0.0650 - val_loss: 0.3945 - val_mean_squared_error: 0.0139 - val_mean_absolute_error: 0.0662 - 2300s/epoch - 198ms/step
Model: "graph_attention_network"
_________________________________________________________________
 Layer (type)                Output Shape              Param #   
=================================================================
 gat_conv (GATConv)          multiple                  130       
                                                                 
 gat_conv_1 (GATConv)        multiple                  130       
                                                                 
 gat_conv_2 (GATConv)        multiple                  130       
                                                                 
 dense (Dense)               multiple                  110       
                                                                 
 dense_1 (Dense)             multiple                  110       
                                                                 
 dense_2 (Dense)             multiple                  110       
                                                                 
 global_avg_pool (GlobalAvgP  multiple                 0         
 ool)                                                            
                                                                 
 layer_normalization (LayerN  multiple                 20        
 ormalization)                                                   
                                                                 
 concatenate (Concatenate)   multiple                  0         
                                                                 
 dense_3 (Dense)             multiple                  2176      
                                                                 
 dense_4 (Dense)             multiple                  16512     
                                                                 
 dense_5 (Dense)             multiple                  129       
                                                                 
 dense_6 (Dense)             multiple                  84        
                                                                 
 dense_7 (Dense)             multiple                  156       
                                                                 
 dense_8 (Dense)             multiple                  78        
                                                                 
=================================================================
Total params: 19,875
Trainable params: 19,875
Non-trainable params: 0
_________________________________________________________________
